Arguments: 
  C:\Program Files\nodejs\node.exe C:\Users\user\AppData\Roaming\npm\node_modules\yarn\bin\yarn.js add typeScript

PATH: 
  C:\Program Files (x86)\VMware\VMware Player\bin\;C:\Python311\Scripts\;C:\Python311\;C:\Program Files\Common Files\Oracle\Java\javapath;C:\Program Files (x86)\Common Files\Oracle\Java\javapath;C:\Windows\system32;C:\Windows;C:\Windows\System32\Wbem;C:\Windows\System32\WindowsPowerShell\v1.0\;C:\Windows\System32\OpenSSH\;C:\Program Files (x86)\NVIDIA Corporation\PhysX\Common;C:\Program Files\NVIDIA Corporation\NVIDIA NvDLISR;C:\Program Files\Git\cmd;C:\Users\user\AppData\Local\Microsoft\WindowsApps;C:\Users\user\AppData\Local\Programs\Microsoft VS Code\bin;C:\adb;C:\xampp\php;C:\ProgramData\ComposerSetup\bin;C:\Program Files\nodejs\;C:\ProgramData\chocolatey\bin;D:\metasploit-framework\bin\;C:\Users\user\AppData\Local\Microsoft\WindowsApps;;C:\Users\user\AppData\Local\Programs\Microsoft VS Code\bin;C:\Users\user\AppData\Roaming\Composer\vendor\bin;C:\Users\user\AppData\Roaming\npm

Yarn version: 
  1.22.19

Node version: 
  18.12.1

Platform: 
  win32 x64

Trace: 
  Error: https://registry.yarnpkg.com/typeScript: Not found
      at params.callback [as _callback] (C:\Users\user\AppData\Roaming\npm\node_modules\yarn\lib\cli.js:66145:18)
      at self.callback (C:\Users\user\AppData\Roaming\npm\node_modules\yarn\lib\cli.js:140890:22)
      at Request.emit (node:events:513:28)
      at Request.<anonymous> (C:\Users\user\AppData\Roaming\npm\node_modules\yarn\lib\cli.js:141862:10)
      at Request.emit (node:events:513:28)
      at IncomingMessage.<anonymous> (C:\Users\user\AppData\Roaming\npm\node_modules\yarn\lib\cli.js:141784:12)
      at Object.onceWrapper (node:events:627:28)
      at IncomingMessage.emit (node:events:525:35)
      at endReadableNT (node:internal/streams/readable:1359:12)
      at process.processTicksAndRejections (node:internal/process/task_queues:82:21)

npm manifest: 
  {
    "dependencies": {
      "react-router-dom": "^6.11.0"
    }
  }

yarn manifest: 
  No manifest

Lockfile: 
  # THIS IS AN AUTOGENERATED FILE. DO NOT EDIT THIS FILE DIRECTLY.
  # yarn lockfile v1
  
  
  "@remix-run/router@1.6.0":
    version "1.6.0"
    resolved "https://registry.yarnpkg.com/@remix-run/router/-/router-1.6.0.tgz#45010e1826f4d81a1b2cfaf874f1aac93998cd28"
    integrity sha512-N13NRw3T2+6Xi9J//3CGLsK2OqC8NMme3d/YX+nh05K9YHWGcv8DycHJrqGScSP4T75o8IN6nqIMhVFU8ohg8w==
  
  react-router-dom@^6.11.0:
    version "6.11.0"
    resolved "https://registry.yarnpkg.com/react-router-dom/-/react-router-dom-6.11.0.tgz#e9507327dad2dfdd3c4815810dbd8de8fc2ee211"
    integrity sha512-Q3mK1c/CYoF++J6ZINz7EZzwlgSOZK/kc7lxIA7PhtWhKju4KfF1WHqlx0kVCIFJAWztuYVpXZeljEbds8z4Og==
    dependencies:
      "@remix-run/router" "1.6.0"
      react-router "6.11.0"
  
  react-router@6.11.0:
    version "6.11.0"
    resolved "https://registry.yarnpkg.com/react-router/-/react-router-6.11.0.tgz#2e9008e40f8ce69e381373a7916ebadfbf2ff184"
    integrity sha512-hTm6KKNpj9SDG4syIWRjCU219O0RZY8RUPobCFt9p+PlF7nnkRgMoh2DieTKvw3F3Mw6zg565HGnSv8BuoY5oQ==
    dependencies:
      "@remix-run/router" "1.6.0"
